<?xml version="1.0" encoding="UTF-8"?>
<!-- Generated by org.testng.reporters.JUnitReportReporter -->
<testsuite hostname="LAPTOP-5MI6PVGV" name="NewTest" tests="1" failures="0" timestamp="30 Aug 2018 23:56:18 GMT" time="3.744" errors="0">
  <testcase name="openMyBlog" time="3.744" classname="NewTest"/>
</testsuite> <!-- NewTest -->
